<?xml version="1.0" encoding="UTF-8"?>
<testsuite name="mongoexample.PersonSpec" tests="1" skipped="0" failures="0" errors="0" timestamp="2014-09-04T15:57:40" hostname="W230721" time="0.118">
  <properties/>
  <testcase name="load person" classname="mongoexample.PersonSpec" time="0.118"/>
  <system-out><![CDATA[]]></system-out>
  <system-err><![CDATA[]]></system-err>
</testsuite>
